<?xml version="1.0" encoding="UTF-8"?>
<!-- Generated by org.testng.reporters.JUnitReportReporter -->
<testsuite hostname="LAPTOP-UBQPUFNI" name="com.crm.qa.testcases.LoginPageTest" tests="2" failures="0" timestamp="15 Mar 2023 03:13:03 GMT" time="30.440" errors="0">
  <testcase name="loginPageTitleTest" time="11.094" classname="com.crm.qa.testcases.LoginPageTest"/>
  <testcase name="loginTest" time="19.346" classname="com.crm.qa.testcases.LoginPageTest"/>
</testsuite> <!-- com.crm.qa.testcases.LoginPageTest -->
