<?xml version="1.0" encoding="UTF-8"?>
<!-- Generated by org.testng.reporters.JUnitReportReporter -->
<testsuite hostname="LAPTOP-UBQPUFNI" name="com.crm.qa.testcases.ContactsPageTest" tests="2" failures="0" timestamp="15 Mar 2023 03:13:03 GMT" time="31.169" errors="0">
  <testcase name="verifycontactspagelabeltest" time="16.828" classname="com.crm.qa.testcases.ContactsPageTest"/>
  <testcase name="selectcontactsTest" time="14.341" classname="com.crm.qa.testcases.ContactsPageTest"/>
</testsuite> <!-- com.crm.qa.testcases.ContactsPageTest -->
