<?xml version="1.0" encoding="UTF-8"?>
<!-- Generated by org.testng.reporters.JUnitReportReporter -->
<testsuite hostname="LAPTOP-UBQPUFNI" name="com.crm.qa.testcases.HomePageTest" tests="3" failures="0" timestamp="15 Mar 2023 03:13:03 GMT" time="42.492" errors="0">
  <testcase name="verifyHomePageTitleTest" time="12.657" classname="com.crm.qa.testcases.HomePageTest"/>
  <testcase name="verifyusernametest" time="16.342" classname="com.crm.qa.testcases.HomePageTest"/>
  <testcase name="verifycontactslinktest" time="13.493" classname="com.crm.qa.testcases.HomePageTest"/>
</testsuite> <!-- com.crm.qa.testcases.HomePageTest -->
